node:internal/modules/cjs/loader:936
  throw err;
  ^

Error: Cannot find module './config.json'
Require stack:
- /home/mohsin/Desktop/Webaverse-repos/redis-server/redis.js
- /home/mohsin/Desktop/Webaverse-repos/redis-server/cache.js
- /home/mohsin/Desktop/Webaverse-repos/redis-server/index.js
    at Function.Module._resolveFilename (node:internal/modules/cjs/loader:933:15)
    at Function.Module._load (node:internal/modules/cjs/loader:778:27)
    at Module.require (node:internal/modules/cjs/loader:1005:19)
    at require (node:internal/modules/cjs/helpers:102:18)
    at Object.<anonymous> (/home/mohsin/Desktop/Webaverse-repos/redis-server/redis.js:7:20)
    at Module._compile (node:internal/modules/cjs/loader:1101:14)
    at Object.Module._extensions..js (node:internal/modules/cjs/loader:1153:10)
    at Module.load (node:internal/modules/cjs/loader:981:32)
    at Function.Module._load (node:internal/modules/cjs/loader:822:12)
    at Module.require (node:internal/modules/cjs/loader:1005:19) {
  code: 'MODULE_NOT_FOUND',
  requireStack: [
    '/home/mohsin/Desktop/Webaverse-repos/redis-server/redis.js',
    '/home/mohsin/Desktop/Webaverse-repos/redis-server/cache.js',
    '/home/mohsin/Desktop/Webaverse-repos/redis-server/index.js'
  ]
}
failed to load ./certs/fullchain.pem
failed to load ./certs/privkey.pem
redis exited with code 1
failed to load ./certs/fullchain.pem
failed to load ./certs/privkey.pem
redis exited with code 1
failed to load ./certs/fullchain.pem
failed to load ./certs/privkey.pem
redis exited with code 1
failed to load ./certs/fullchain.pem
failed to load ./certs/privkey.pem
redis exited with code 1
failed to load ./certs/fullchain.pem
failed to load ./certs/privkey.pem
redis exited with code 1
failed to load ./certs/fullchain.pem
failed to load ./certs/privkey.pem
redis exited with code 1
failed to load ./certs/fullchain.pem
failed to load ./certs/privkey.pem
redis exited with code 1
failed to load ./certs/fullchain.pem
failed to load ./certs/privkey.pem
redis exited with code 1
